<?xml version="1.0" encoding="UTF-8"?>
<!-- Generated by org.testng.reporters.JUnitReportReporter -->
<testsuite hostname="C1GF75IPTV" name="Exposure.RestAssured.postTestWithJSON" tests="1" failures="0" timestamp="16 Dec 2019 08:20:31 GMT" time="2.790" errors="0">
  <testcase name="testForSerializationOrPojo" time="2.790" classname="Exposure.RestAssured.postTestWithJSON"/>
</testsuite> <!-- Exposure.RestAssured.postTestWithJSON -->
