<?xml version="1.0" encoding="UTF-8"?>
<!-- Generated by org.testng.reporters.JUnitReportReporter -->
<testsuite hostname="C1GF75IPTV" name="Exposure.RestAssured.stbPropertiesTest" tests="1" failures="0" timestamp="10 Jan 2020 09:27:12 GMT" time="2.800" errors="0">
  <testcase name="setConsentTVTA_OPTIN_BEP1423001" time="2.800" classname="Exposure.RestAssured.stbPropertiesTest"/>
</testsuite> <!-- Exposure.RestAssured.stbPropertiesTest -->
