<?xml version="1.0" encoding="UTF-8"?>
<!-- Generated by org.testng.reporters.JUnitReportReporter -->
<testsuite hostname="C1GF75IPTV" name="Exposure.RestAssured.getReminderTest" tests="1" failures="0" timestamp="23 Dec 2019 10:38:26 GMT" time="3.952" errors="0">
  <testcase name="equalToTest" time="3.952" classname="Exposure.RestAssured.getReminderTest"/>
</testsuite> <!-- Exposure.RestAssured.getReminderTest -->
