<?xml version="1.0" encoding="UTF-8"?>
<!-- Generated by org.testng.reporters.JUnitReportReporter -->
<testsuite hostname="C1GF75IPTV" name="Exposure.RestAssured.getTest" tests="2" failures="0" timestamp="5 Dec 2019 07:39:36 GMT" time="1.644" errors="0">
  <testcase name="equalToTestWithJSONFormat" time="1.327" classname="Exposure.RestAssured.getTest"/>
  <testcase name="equalToTestWithXMLFormat" time="0.317" classname="Exposure.RestAssured.getTest"/>
</testsuite> <!-- Exposure.RestAssured.getTest -->
