<?xml version="1.0" encoding="UTF-8"?>
<!-- Generated by org.testng.reporters.JUnitReportReporter -->
<testsuite hostname="C1GF75IPTV" name="Exposure.RestAssured.stbPropertiesTest" tests="2" failures="0" timestamp="16 Jan 2020 11:07:19 GMT" time="8.517" errors="0">
  <testcase name="setSTBProperties_BEP1423001" time="6.747" classname="Exposure.RestAssured.stbPropertiesTest"/>
  <testcase name="setSTBProperties_BEP1423001" time="1.770" classname="Exposure.RestAssured.stbPropertiesTest"/>
</testsuite> <!-- Exposure.RestAssured.stbPropertiesTest -->
