<?xml version="1.0" encoding="UTF-8"?>
<!-- Generated by org.testng.reporters.JUnitReportReporter -->
<testsuite hostname="C1GF75IPTV" name="Exposure.RestAssured.getTestWithXML" tests="4" failures="0" timestamp="5 Dec 2019 08:30:15 GMT" time="1.865" errors="0">
  <testcase name="equalToTest" time="0.218" classname="Exposure.RestAssured.getTestWithXML"/>
  <testcase name="hasXPathTest" time="0.154" classname="Exposure.RestAssured.getTestWithXML"/>
  <testcase name="completeTextInOneGo" time="1.358" classname="Exposure.RestAssured.getTestWithXML"/>
  <testcase name="rootExamleTest" time="0.135" classname="Exposure.RestAssured.getTestWithXML"/>
</testsuite> <!-- Exposure.RestAssured.getTestWithXML -->
