<?xml version="1.0" encoding="UTF-8"?>
<!-- Generated by org.testng.reporters.JUnitReportReporter -->
<testsuite hostname="C1GF75IPTV" name="Exposure.RestAssured.setConsentTest" tests="6" failures="0" timestamp="13 Jan 2020 09:24:27 GMT" time="21.708" errors="0">
  <testcase name="setConsentTVTA_OPOUT_BEP1423002" time="15.142" classname="Exposure.RestAssured.setConsentTest"/>
  <testcase name="setConsentTVReco_OPTIN_BEP1423003" time="1.386" classname="Exposure.RestAssured.setConsentTest"/>
  <testcase name="setConsentwithInvalidConsentValue_BEP1423006" time="1.066" classname="Exposure.RestAssured.setConsentTest"/>
  <testcase name="setConsentTVTA_OPTIN_BEP1423001" time="1.066" classname="Exposure.RestAssured.setConsentTest"/>
  <testcase name="setConsentTVReco_OPTOUT_BEP1423004" time="1.370" classname="Exposure.RestAssured.setConsentTest"/>
  <testcase name="setConsentwithInvalidConsentType_BEP1423005" time="1.678" classname="Exposure.RestAssured.setConsentTest"/>
</testsuite> <!-- Exposure.RestAssured.setConsentTest -->
