<?xml version="1.0" encoding="UTF-8"?>
<!-- Generated by org.testng.reporters.JUnitReportReporter -->
<testsuite hostname="C1GF75IPTV" name="Exposure.RestAssured.addReminderTests" tests="2" failures="0" timestamp="13 Jan 2020 09:24:27 GMT" time="2.432" errors="0">
  <testcase name="addReminderInsertionWithInterfaceVersion520_BEP14470001" time="1.542" classname="Exposure.RestAssured.addReminderTests"/>
  <testcase name="addReminderInsertionWithInterfaceVersion420_BEP14470004" time="0.890" classname="Exposure.RestAssured.addReminderTests"/>
</testsuite> <!-- Exposure.RestAssured.addReminderTests -->
