<?xml version="1.0" encoding="UTF-8"?>
<!-- Generated by org.testng.reporters.JUnitReportReporter -->
<testsuite hostname="C1GF75IPTV" name="Exposure.RestAssured.getTestWithJSON" tests="1" failures="0" timestamp="6 Dec 2019 06:15:18 GMT" time="0.262" errors="0">
  <testcase name="getResponseasList" time="0.262" classname="Exposure.RestAssured.getTestWithJSON"/>
</testsuite> <!-- Exposure.RestAssured.getTestWithJSON -->
